<?xml version="1.0" encoding="UTF-8"?>
<!-- Generated by org.testng.reporters.JUnitReportReporter -->
<testsuite hostname="Bair" name="com.exercise.maven.project_final_assignment_OOP.CalculatorTestClasses.AdvancedOperationsPowerOfTenTest" tests="3" failures="0" timestamp="15 Dec 2017 08:16:28 GMT" time="0.043" errors="0">
  <testcase name="testPowerOfTenWithExponent0" time="0.000" classname="com.exercise.maven.project_final_assignment_OOP.CalculatorTestClasses.AdvancedOperationsPowerOfTenTest"/>
  <testcase name="testNegativePowerOfTen" time="0.032" classname="com.exercise.maven.project_final_assignment_OOP.CalculatorTestClasses.AdvancedOperationsPowerOfTenTest"/>
  <testcase name="testPositivePowerOfTen" time="0.011" classname="com.exercise.maven.project_final_assignment_OOP.CalculatorTestClasses.AdvancedOperationsPowerOfTenTest"/>
</testsuite> <!-- com.exercise.maven.project_final_assignment_OOP.CalculatorTestClasses.AdvancedOperationsPowerOfTenTest -->
