<?xml version="1.0" encoding="UTF-8"?>
<!-- Generated by org.testng.reporters.JUnitReportReporter -->
<testsuite hostname="Bair" name="com.exercise.maven.project_final_assignment_OOP.CalculatorTestClasses.BasicOperationsDivisionTest" tests="4" failures="0" timestamp="15 Dec 2017 08:16:28 GMT" time="0.108" errors="0">
  <testcase name="testDivisionWithDivisor0" time="0.001" classname="com.exercise.maven.project_final_assignment_OOP.CalculatorTestClasses.BasicOperationsDivisionTest"/>
  <testcase name="testNegativeDivision" time="0.056" classname="com.exercise.maven.project_final_assignment_OOP.CalculatorTestClasses.BasicOperationsDivisionTest"/>
  <testcase name="testDivisionWithDividend0" time="0.028" classname="com.exercise.maven.project_final_assignment_OOP.CalculatorTestClasses.BasicOperationsDivisionTest"/>
  <testcase name="testPositiveDivision" time="0.023" classname="com.exercise.maven.project_final_assignment_OOP.CalculatorTestClasses.BasicOperationsDivisionTest"/>
</testsuite> <!-- com.exercise.maven.project_final_assignment_OOP.CalculatorTestClasses.BasicOperationsDivisionTest -->
