<?xml version="1.0" encoding="UTF-8"?>
<!-- Generated by org.testng.reporters.JUnitReportReporter -->
<testsuite hostname="Bair" name="com.exercise.maven.project_final_assignment_OOP.CalculatorTestClasses.BasicOperationsSubtractionTest" tests="4" failures="0" timestamp="15 Dec 2017 08:16:28 GMT" time="0.029" errors="0">
  <testcase name="testPositiveSubtraction" time="0.008" classname="com.exercise.maven.project_final_assignment_OOP.CalculatorTestClasses.BasicOperationsSubtractionTest"/>
  <testcase name="testSubtractionWithSubtrahend0" time="0.006" classname="com.exercise.maven.project_final_assignment_OOP.CalculatorTestClasses.BasicOperationsSubtractionTest"/>
  <testcase name="testNegativeSubtraction" time="0.008" classname="com.exercise.maven.project_final_assignment_OOP.CalculatorTestClasses.BasicOperationsSubtractionTest"/>
  <testcase name="testSubtractionWithMinuend0" time="0.007" classname="com.exercise.maven.project_final_assignment_OOP.CalculatorTestClasses.BasicOperationsSubtractionTest"/>
</testsuite> <!-- com.exercise.maven.project_final_assignment_OOP.CalculatorTestClasses.BasicOperationsSubtractionTest -->
