<?xml version="1.0" encoding="UTF-8"?>
<!-- Generated by org.testng.reporters.JUnitReportReporter -->
<testsuite hostname="Bair" name="com.exercise.maven.project_final_assignment_OOP.CalculatorTestClasses.AdvancedOperationsCubeOfTest" tests="3" failures="0" timestamp="14 Dec 2017 20:21:49 GMT" time="0.054" errors="0">
  <testcase name="testCubeOfWithBase0" time="0.000" classname="com.exercise.maven.project_final_assignment_OOP.CalculatorTestClasses.AdvancedOperationsCubeOfTest"/>
  <testcase name="testPositiveCubeOf" time="0.034" classname="com.exercise.maven.project_final_assignment_OOP.CalculatorTestClasses.AdvancedOperationsCubeOfTest"/>
  <testcase name="testNegativeCubeOf" time="0.020" classname="com.exercise.maven.project_final_assignment_OOP.CalculatorTestClasses.AdvancedOperationsCubeOfTest"/>
</testsuite> <!-- com.exercise.maven.project_final_assignment_OOP.CalculatorTestClasses.AdvancedOperationsCubeOfTest -->
