<?xml version="1.0" encoding="UTF-8"?>
<!-- Generated by org.testng.reporters.JUnitReportReporter -->
<testsuite hostname="Bair" name="com.exercise.maven.project_final_assignment_OOP.CalculatorTestClasses.AdvancedOperationsRemainderTest" tests="4" failures="0" timestamp="14 Dec 2017 20:21:49 GMT" time="0.050" errors="0">
  <testcase name="testRemainderWithDividend0" time="0.009" classname="com.exercise.maven.project_final_assignment_OOP.CalculatorTestClasses.AdvancedOperationsRemainderTest"/>
  <testcase name="testPositiveRemainder" time="0.030" classname="com.exercise.maven.project_final_assignment_OOP.CalculatorTestClasses.AdvancedOperationsRemainderTest"/>
  <testcase name="testRemainderWithDivisor0" time="0.000" classname="com.exercise.maven.project_final_assignment_OOP.CalculatorTestClasses.AdvancedOperationsRemainderTest"/>
  <testcase name="testNegativeRemainder" time="0.011" classname="com.exercise.maven.project_final_assignment_OOP.CalculatorTestClasses.AdvancedOperationsRemainderTest"/>
</testsuite> <!-- com.exercise.maven.project_final_assignment_OOP.CalculatorTestClasses.AdvancedOperationsRemainderTest -->
