<?xml version="1.0" encoding="UTF-8"?>
<!-- Generated by org.testng.reporters.JUnitReportReporter -->
<testsuite hostname="Bair" name="com.exercise.maven.project_final_assignment_OOP.CalculatorTestClasses.AdvancedOperationsPowerOfTest" tests="4" failures="0" timestamp="14 Dec 2017 20:21:49 GMT" time="0.048" errors="0">
  <testcase name="testNegativePowerOf" time="0.008" classname="com.exercise.maven.project_final_assignment_OOP.CalculatorTestClasses.AdvancedOperationsPowerOfTest"/>
  <testcase name="testPositivePowerOf" time="0.009" classname="com.exercise.maven.project_final_assignment_OOP.CalculatorTestClasses.AdvancedOperationsPowerOfTest"/>
  <testcase name="testPowerOfWithExponent0" time="0.019" classname="com.exercise.maven.project_final_assignment_OOP.CalculatorTestClasses.AdvancedOperationsPowerOfTest"/>
  <testcase name="testPowerOfWithBase0" time="0.012" classname="com.exercise.maven.project_final_assignment_OOP.CalculatorTestClasses.AdvancedOperationsPowerOfTest"/>
</testsuite> <!-- com.exercise.maven.project_final_assignment_OOP.CalculatorTestClasses.AdvancedOperationsPowerOfTest -->
