<?xml version="1.0" encoding="UTF-8"?>
<!-- Generated by org.testng.reporters.JUnitReportReporter -->
<testsuite hostname="Bair" name="com.exercise.maven.project_final_assignment_OOP.CalculatorTestClasses.AdvancedOperationsSquareOfTest" tests="3" failures="0" timestamp="14 Dec 2017 20:21:49 GMT" time="0.066" errors="0">
  <testcase name="testNegativeSquareOf" time="0.027" classname="com.exercise.maven.project_final_assignment_OOP.CalculatorTestClasses.AdvancedOperationsSquareOfTest"/>
  <testcase name="testSquareOfWithBase0" time="0.000" classname="com.exercise.maven.project_final_assignment_OOP.CalculatorTestClasses.AdvancedOperationsSquareOfTest"/>
  <testcase name="testPositiveSquareOf" time="0.039" classname="com.exercise.maven.project_final_assignment_OOP.CalculatorTestClasses.AdvancedOperationsSquareOfTest"/>
</testsuite> <!-- com.exercise.maven.project_final_assignment_OOP.CalculatorTestClasses.AdvancedOperationsSquareOfTest -->
