<?xml version="1.0" encoding="UTF-8"?>
<!-- Generated by org.testng.reporters.JUnitReportReporter -->
<testsuite hostname="Bair" name="com.exercise.maven.project_final_assignment_OOP.CalculatorTestClasses.BasicOperationsAdditionTest" tests="4" failures="0" timestamp="14 Dec 2017 20:21:49 GMT" time="0.058" errors="0">
  <testcase name="testAdditionWithSecondSummand0" time="0.018" classname="com.exercise.maven.project_final_assignment_OOP.CalculatorTestClasses.BasicOperationsAdditionTest"/>
  <testcase name="testNegativeAddition" time="0.010" classname="com.exercise.maven.project_final_assignment_OOP.CalculatorTestClasses.BasicOperationsAdditionTest"/>
  <testcase name="testPositiveAddition" time="0.010" classname="com.exercise.maven.project_final_assignment_OOP.CalculatorTestClasses.BasicOperationsAdditionTest"/>
  <testcase name="testAdditionWithFirstSummand0" time="0.020" classname="com.exercise.maven.project_final_assignment_OOP.CalculatorTestClasses.BasicOperationsAdditionTest"/>
</testsuite> <!-- com.exercise.maven.project_final_assignment_OOP.CalculatorTestClasses.BasicOperationsAdditionTest -->
