<?xml version="1.0" encoding="UTF-8"?>
<!-- Generated by org.testng.reporters.JUnitReportReporter -->
<testsuite hostname="Bair" name="com.exercise.maven.project_final_assignment_OOP.CalculatorTestClasses.BasicOperationsMultiplicationTest" tests="4" failures="0" timestamp="15 Dec 2017 08:16:28 GMT" time="0.060" errors="0">
  <testcase name="testMultiplicationWithSecondFactor0" time="0.016" classname="com.exercise.maven.project_final_assignment_OOP.CalculatorTestClasses.BasicOperationsMultiplicationTest"/>
  <testcase name="testNegativeMultiplication" time="0.017" classname="com.exercise.maven.project_final_assignment_OOP.CalculatorTestClasses.BasicOperationsMultiplicationTest"/>
  <testcase name="testMultiplicationWithFirstFactor0" time="0.012" classname="com.exercise.maven.project_final_assignment_OOP.CalculatorTestClasses.BasicOperationsMultiplicationTest"/>
  <testcase name="testPositiveMultiplication" time="0.015" classname="com.exercise.maven.project_final_assignment_OOP.CalculatorTestClasses.BasicOperationsMultiplicationTest"/>
</testsuite> <!-- com.exercise.maven.project_final_assignment_OOP.CalculatorTestClasses.BasicOperationsMultiplicationTest -->
