<?xml version="1.0" encoding="UTF-8"?>
<!-- Generated by org.testng.reporters.JUnitReportReporter -->
<testsuite hostname="Bair" name="com.exercise.maven.project_final_assignment_OOP.CalculatorTestClasses.BasicOperationsDivisionTest" tests="4" failures="0" timestamp="14 Dec 2017 20:21:49 GMT" time="0.147" errors="0">
  <testcase name="testDivisionWithDivisor0" time="0.007" classname="com.exercise.maven.project_final_assignment_OOP.CalculatorTestClasses.BasicOperationsDivisionTest"/>
  <testcase name="testNegativeDivision" time="0.061" classname="com.exercise.maven.project_final_assignment_OOP.CalculatorTestClasses.BasicOperationsDivisionTest"/>
  <testcase name="testDivisionWithDividend0" time="0.043" classname="com.exercise.maven.project_final_assignment_OOP.CalculatorTestClasses.BasicOperationsDivisionTest"/>
  <testcase name="testPositiveDivision" time="0.036" classname="com.exercise.maven.project_final_assignment_OOP.CalculatorTestClasses.BasicOperationsDivisionTest"/>
</testsuite> <!-- com.exercise.maven.project_final_assignment_OOP.CalculatorTestClasses.BasicOperationsDivisionTest -->
