<?xml version="1.0" encoding="UTF-8"?>
<!-- Generated by org.testng.reporters.JUnitReportReporter -->
<testsuite hostname="Bair" name="com.exercise.maven.project_final_assignment_OOP.CalculatorTestClasses.BasicOperationsMultiplicationTest" tests="4" failures="0" timestamp="14 Dec 2017 20:21:49 GMT" time="0.055" errors="0">
  <testcase name="testMultiplicationWithSecondFactor0" time="0.010" classname="com.exercise.maven.project_final_assignment_OOP.CalculatorTestClasses.BasicOperationsMultiplicationTest"/>
  <testcase name="testNegativeMultiplication" time="0.008" classname="com.exercise.maven.project_final_assignment_OOP.CalculatorTestClasses.BasicOperationsMultiplicationTest"/>
  <testcase name="testMultiplicationWithFirstFactor0" time="0.022" classname="com.exercise.maven.project_final_assignment_OOP.CalculatorTestClasses.BasicOperationsMultiplicationTest"/>
  <testcase name="testPositiveMultiplication" time="0.015" classname="com.exercise.maven.project_final_assignment_OOP.CalculatorTestClasses.BasicOperationsMultiplicationTest"/>
</testsuite> <!-- com.exercise.maven.project_final_assignment_OOP.CalculatorTestClasses.BasicOperationsMultiplicationTest -->
