<?xml version="1.0" encoding="UTF-8"?>
<!-- Generated by org.testng.reporters.JUnitReportReporter -->
<testsuite hostname="Bair" name="com.exercise.maven.project_final_assignment_OOP.CalculatorTestClasses.BasicOperationsAdditionTest" tests="4" failures="0" timestamp="15 Dec 2017 08:16:28 GMT" time="0.038" errors="0">
  <testcase name="testAdditionWithSecondSummand0" time="0.013" classname="com.exercise.maven.project_final_assignment_OOP.CalculatorTestClasses.BasicOperationsAdditionTest"/>
  <testcase name="testNegativeAddition" time="0.007" classname="com.exercise.maven.project_final_assignment_OOP.CalculatorTestClasses.BasicOperationsAdditionTest"/>
  <testcase name="testPositiveAddition" time="0.009" classname="com.exercise.maven.project_final_assignment_OOP.CalculatorTestClasses.BasicOperationsAdditionTest"/>
  <testcase name="testAdditionWithFirstSummand0" time="0.009" classname="com.exercise.maven.project_final_assignment_OOP.CalculatorTestClasses.BasicOperationsAdditionTest"/>
</testsuite> <!-- com.exercise.maven.project_final_assignment_OOP.CalculatorTestClasses.BasicOperationsAdditionTest -->
